TN:
SF:src/ejercicio-1-pe.ts
FN:11,executePipeline
FN:23,filterData
FN:39,mapData
FN:60,defaultPredicate
FN:69,mapFunction
FN:79,reduceFunction
FN:91,reduceData
FN:103,reduceData
FNF:8
FNH:8
FNDA:2,executePipeline
FNDA:4,filterData
FNDA:2,mapData
FNDA:15,defaultPredicate
FNDA:6,mapFunction
FNDA:6,reduceFunction
FNDA:1,reduceData
FNDA:1,reduceData
DA:1,1
DA:2,1
DA:3,1
DA:4,1
DA:5,1
DA:6,1
DA:7,1
DA:8,1
DA:9,1
DA:10,1
DA:11,1
DA:12,2
DA:13,2
DA:14,2
DA:15,2
DA:16,1
DA:17,1
DA:18,1
DA:19,1
DA:20,1
DA:21,1
DA:22,1
DA:23,1
DA:24,4
DA:25,4
DA:26,20
DA:27,11
DA:28,11
DA:29,20
DA:30,4
DA:31,4
DA:32,1
DA:33,1
DA:34,1
DA:35,1
DA:36,1
DA:37,1
DA:38,1
DA:39,1
DA:40,2
DA:41,2
DA:42,6
DA:43,6
DA:44,2
DA:45,2
DA:46,1
DA:47,1
DA:48,1
DA:49,1
DA:50,1
DA:51,1
DA:52,1
DA:53,1
DA:54,1
DA:55,1
DA:56,1
DA:57,1
DA:58,1
DA:59,1
DA:60,1
DA:61,15
DA:62,15
DA:63,1
DA:64,1
DA:65,1
DA:66,1
DA:67,1
DA:68,1
DA:69,1
DA:70,6
DA:71,6
DA:72,1
DA:73,1
DA:74,1
DA:75,1
DA:76,1
DA:77,1
DA:78,1
DA:79,1
DA:80,6
DA:81,6
DA:82,1
DA:83,1
DA:84,1
DA:85,1
DA:86,1
DA:87,1
DA:88,1
DA:89,1
DA:90,1
DA:91,1
DA:92,1
DA:93,1
DA:94,1
DA:95,1
DA:96,1
DA:97,1
DA:98,1
DA:99,1
DA:100,1
DA:101,1
DA:102,1
DA:103,1
DA:104,1
DA:105,1
DA:106,3
DA:107,3
DA:108,1
DA:109,1
DA:110,1
DA:111,1
DA:112,1
DA:113,1
DA:114,1
DA:115,1
DA:116,1
DA:117,1
DA:118,1
DA:119,1
DA:120,1
LF:120
LH:120
BRDA:11,0,0,2
BRDA:23,1,0,4
BRDA:25,2,0,20
BRDA:26,3,0,11
BRDA:39,4,0,2
BRDA:41,5,0,6
BRDA:60,6,0,15
BRDA:69,7,0,6
BRDA:79,8,0,6
BRDA:91,9,0,1
BRDA:103,10,0,1
BRDA:105,11,0,3
BRF:12
BRH:12
end_of_record
TN:
SF:src/Cartas/card.ts
FN:42,<instance_members_initializer>
FN:78,Card
FNF:2
FNH:2
FNDA:4,<instance_members_initializer>
FNDA:4,Card
DA:1,1
DA:2,1
DA:3,1
DA:4,1
DA:5,1
DA:6,1
DA:7,1
DA:8,1
DA:9,1
DA:10,1
DA:11,1
DA:12,1
DA:13,1
DA:14,1
DA:15,1
DA:16,1
DA:17,1
DA:18,1
DA:19,1
DA:20,1
DA:21,1
DA:22,1
DA:23,1
DA:24,1
DA:25,1
DA:26,1
DA:27,1
DA:28,1
DA:29,1
DA:30,1
DA:31,1
DA:32,1
DA:33,1
DA:34,1
DA:35,1
DA:36,1
DA:37,1
DA:38,1
DA:39,1
DA:40,1
DA:41,1
DA:42,1
DA:43,4
DA:44,4
DA:45,4
DA:46,4
DA:47,4
DA:48,4
DA:49,4
DA:50,4
DA:51,4
DA:52,4
DA:53,4
DA:54,4
DA:55,4
DA:56,4
DA:57,4
DA:58,4
DA:59,4
DA:60,4
DA:61,4
DA:62,1
DA:63,1
DA:64,1
DA:65,1
DA:66,1
DA:67,1
DA:68,1
DA:69,1
DA:70,1
DA:71,1
DA:72,1
DA:73,1
DA:74,1
DA:75,1
DA:76,1
DA:77,1
DA:78,1
DA:79,4
DA:80,4
DA:81,4
DA:82,4
DA:83,4
DA:84,4
DA:85,4
DA:86,4
DA:87,4
DA:88,4
DA:89,4
DA:90,4
DA:91,4
DA:92,4
DA:93,4
DA:94,4
DA:95,4
DA:96,4
DA:97,4
DA:98,4
DA:99,4
DA:100,4
DA:101,4
DA:102,4
DA:103,1
LF:103
LH:103
BRDA:4,0,0,1
BRDA:17,1,0,1
BRDA:30,2,0,1
BRDA:42,3,0,4
BRDA:78,4,0,4
BRF:5
BRH:5
end_of_record
TN:
SF:src/Cartas/cardCollection.ts
FN:16,CardCollection
FN:25,addCard
FN:42,updateCard
FN:58,removeCard
FN:77,listCards
FN:87,showCard
FN:109,getCardById
FNF:7
FNH:5
FNDA:3,CardCollection
FNDA:3,addCard
FNDA:1,updateCard
FNDA:1,removeCard
FNDA:0,listCards
FNDA:0,showCard
FNDA:6,getCardById
DA:1,1
DA:2,1
DA:3,1
DA:4,1
DA:5,1
DA:6,1
DA:7,1
DA:8,1
DA:9,1
DA:10,1
DA:11,1
DA:12,1
DA:13,1
DA:14,1
DA:15,1
DA:16,1
DA:17,3
DA:18,3
DA:19,3
DA:20,1
DA:21,1
DA:22,1
DA:23,1
DA:24,1
DA:25,1
DA:26,3
DA:27,3
DA:28,3
DA:29,2
DA:30,3
DA:31,1
DA:32,1
DA:33,1
DA:34,1
DA:35,1
DA:36,3
DA:37,1
DA:38,1
DA:39,1
DA:40,1
DA:41,1
DA:42,1
DA:43,1
DA:44,1
DA:45,1
DA:46,1
DA:47,1
DA:48,1
DA:49,1
DA:50,0
DA:51,0
DA:52,1
DA:53,1
DA:54,1
DA:55,1
DA:56,1
DA:57,1
DA:58,1
DA:59,1
DA:60,1
DA:61,1
DA:62,1
DA:63,1
DA:64,1
DA:65,1
DA:66,1
DA:67,1
DA:68,1
DA:69,1
DA:70,0
DA:71,0
DA:72,1
DA:73,1
DA:74,1
DA:75,1
DA:76,1
DA:77,1
DA:78,0
DA:79,0
DA:80,0
DA:81,0
DA:82,1
DA:83,1
DA:84,1
DA:85,1
DA:86,1
DA:87,1
DA:88,0
DA:89,0
DA:90,0
DA:91,0
DA:92,0
DA:93,0
DA:94,0
DA:95,0
DA:96,0
DA:97,0
DA:98,0
DA:99,0
DA:100,0
DA:101,0
DA:102,0
DA:103,1
DA:104,1
DA:105,1
DA:106,1
DA:107,1
DA:108,1
DA:109,1
DA:110,6
DA:111,6
DA:112,1
LF:112
LH:89
BRDA:16,0,0,3
BRDA:25,1,0,3
BRDA:28,2,0,2
BRDA:30,3,0,1
BRDA:42,4,0,1
BRDA:49,5,0,0
BRDA:43,6,0,2
BRDA:58,7,0,1
BRDA:69,8,0,0
BRDA:60,9,0,3
BRDA:109,10,0,6
BRDA:110,11,0,10
BRF:12
BRH:10
end_of_record
TN:
SF:src/Cartas/fileManager.ts
FN:14,FileManager
FN:23,createUserDirIfNotExists
FN:34,getFilePath
FN:42,save
FN:53,load
FNF:5
FNH:5
FNDA:3,FileManager
FNDA:3,createUserDirIfNotExists
FNDA:8,getFilePath
FNDA:3,save
FNDA:3,load
DA:1,1
DA:2,1
DA:3,1
DA:4,1
DA:5,1
DA:6,1
DA:7,1
DA:8,1
DA:9,1
DA:10,1
DA:11,1
DA:12,1
DA:13,1
DA:14,1
DA:15,3
DA:16,3
DA:17,3
DA:18,3
DA:19,1
DA:20,1
DA:21,1
DA:22,1
DA:23,1
DA:24,3
DA:25,0
DA:26,0
DA:27,3
DA:28,1
DA:29,1
DA:30,1
DA:31,1
DA:32,1
DA:33,1
DA:34,1
DA:35,8
DA:36,8
DA:37,1
DA:38,1
DA:39,1
DA:40,1
DA:41,1
DA:42,1
DA:43,3
DA:44,7
DA:45,7
DA:46,7
DA:47,3
DA:48,1
DA:49,1
DA:50,1
DA:51,1
DA:52,1
DA:53,1
DA:54,3
DA:55,3
DA:56,3
DA:57,6
DA:58,6
DA:59,6
DA:60,6
DA:61,6
DA:62,6
DA:63,6
DA:64,0
DA:65,0
DA:66,6
DA:67,6
DA:68,3
DA:69,3
DA:70,1
LF:70
LH:66
BRDA:14,0,0,3
BRDA:23,1,0,3
BRDA:24,2,0,0
BRDA:34,3,0,8
BRDA:42,4,0,3
BRDA:43,5,0,7
BRDA:53,6,0,3
BRDA:56,7,0,6
BRDA:63,8,0,0
BRF:9
BRH:7
end_of_record
